[0.088s] DEBUG:colcon:Command line arguments: ['/usr/bin/colcon', 'build', '--packages-select', 'rn1']
[0.088s] DEBUG:colcon:Parsed command line arguments: Namespace(log_base=None, log_level=None, verb_name='build', build_base='build', install_base='install', merge_install=False, symlink_install=False, test_result_base=None, continue_on_error=False, executor='parallel', parallel_workers=16, event_handlers=None, ignore_user_meta=False, metas=['./colcon.meta'], base_paths=['.'], packages_ignore=None, packages_ignore_regex=None, paths=None, packages_up_to=None, packages_up_to_regex=None, packages_above=None, packages_above_and_dependencies=None, packages_above_depth=None, packages_select_by_dep=None, packages_skip_by_dep=None, packages_skip_up_to=None, packages_select_build_failed=False, packages_skip_build_finished=False, packages_select_test_failures=False, packages_skip_test_passed=False, packages_select=['rn1'], packages_skip=None, packages_select_regex=None, packages_skip_regex=None, packages_start=None, packages_end=None, cmake_args=None, cmake_target=None, cmake_target_skip_unavailable=False, cmake_clean_cache=False, cmake_clean_first=False, cmake_force_configure=False, ament_cmake_args=None, catkin_cmake_args=None, catkin_skip_building_tests=False, verb_parser=<colcon_defaults.argument_parser.defaults.DefaultArgumentsDecorator object at 0x70d40d7f7c80>, verb_extension=<colcon_core.verb.build.BuildVerb object at 0x70d40d7a2ed0>, main=<bound method BuildVerb.main of <colcon_core.verb.build.BuildVerb object at 0x70d40d7a2ed0>>)
[0.163s] Level 1:colcon.colcon_core.package_discovery:discover_packages(colcon_meta) check parameters
[0.163s] Level 1:colcon.colcon_core.package_discovery:discover_packages(recursive) check parameters
[0.163s] Level 1:colcon.colcon_core.package_discovery:discover_packages(ignore) check parameters
[0.163s] Level 1:colcon.colcon_core.package_discovery:discover_packages(path) check parameters
[0.163s] Level 1:colcon.colcon_core.package_discovery:discover_packages(colcon_meta) discover
[0.163s] Level 1:colcon.colcon_core.package_discovery:discover_packages(recursive) discover
[0.163s] INFO:colcon.colcon_core.package_discovery:Crawling recursively for packages in '/home/deepak/Documents/ros2_ws'
[0.163s] Level 1:colcon.colcon_core.package_identification:_identify(.) by extensions ['ignore', 'ignore_ament_install']
[0.164s] Level 1:colcon.colcon_core.package_identification:_identify(.) by extension 'ignore'
[0.164s] Level 1:colcon.colcon_core.package_identification:_identify(.) by extension 'ignore_ament_install'
[0.164s] Level 1:colcon.colcon_core.package_identification:_identify(.) by extensions ['colcon_pkg']
[0.164s] Level 1:colcon.colcon_core.package_identification:_identify(.) by extension 'colcon_pkg'
[0.164s] Level 1:colcon.colcon_core.package_identification:_identify(.) by extensions ['colcon_meta']
[0.164s] Level 1:colcon.colcon_core.package_identification:_identify(.) by extension 'colcon_meta'
[0.164s] Level 1:colcon.colcon_core.package_identification:_identify(.) by extensions ['ros']
[0.164s] Level 1:colcon.colcon_core.package_identification:_identify(.) by extension 'ros'
[0.189s] Level 1:colcon.colcon_core.package_identification:_identify(.) by extensions ['cmake', 'python']
[0.190s] Level 1:colcon.colcon_core.package_identification:_identify(.) by extension 'cmake'
[0.190s] Level 1:colcon.colcon_core.package_identification:_identify(.) by extension 'python'
[0.190s] Level 1:colcon.colcon_core.package_identification:_identify(.) by extensions ['python_setup_py']
[0.190s] Level 1:colcon.colcon_core.package_identification:_identify(.) by extension 'python_setup_py'
[0.190s] Level 1:colcon.colcon_core.package_identification:_identify(build) by extensions ['ignore', 'ignore_ament_install']
[0.190s] Level 1:colcon.colcon_core.package_identification:_identify(build) by extension 'ignore'
[0.190s] Level 1:colcon.colcon_core.package_identification:_identify(build) ignored
[0.190s] Level 1:colcon.colcon_core.package_identification:_identify(install) by extensions ['ignore', 'ignore_ament_install']
[0.190s] Level 1:colcon.colcon_core.package_identification:_identify(install) by extension 'ignore'
[0.190s] Level 1:colcon.colcon_core.package_identification:_identify(install) ignored
[0.190s] Level 1:colcon.colcon_core.package_identification:_identify(log) by extensions ['ignore', 'ignore_ament_install']
[0.190s] Level 1:colcon.colcon_core.package_identification:_identify(log) by extension 'ignore'
[0.190s] Level 1:colcon.colcon_core.package_identification:_identify(log) ignored
[0.190s] Level 1:colcon.colcon_core.package_identification:_identify(src) by extensions ['ignore', 'ignore_ament_install']
[0.190s] Level 1:colcon.colcon_core.package_identification:_identify(src) by extension 'ignore'
[0.190s] Level 1:colcon.colcon_core.package_identification:_identify(src) by extension 'ignore_ament_install'
[0.190s] Level 1:colcon.colcon_core.package_identification:_identify(src) by extensions ['colcon_pkg']
[0.190s] Level 1:colcon.colcon_core.package_identification:_identify(src) by extension 'colcon_pkg'
[0.190s] Level 1:colcon.colcon_core.package_identification:_identify(src) by extensions ['colcon_meta']
[0.190s] Level 1:colcon.colcon_core.package_identification:_identify(src) by extension 'colcon_meta'
[0.190s] Level 1:colcon.colcon_core.package_identification:_identify(src) by extensions ['ros']
[0.190s] Level 1:colcon.colcon_core.package_identification:_identify(src) by extension 'ros'
[0.190s] Level 1:colcon.colcon_core.package_identification:_identify(src) by extensions ['cmake', 'python']
[0.191s] Level 1:colcon.colcon_core.package_identification:_identify(src) by extension 'cmake'
[0.191s] Level 1:colcon.colcon_core.package_identification:_identify(src) by extension 'python'
[0.191s] Level 1:colcon.colcon_core.package_identification:_identify(src) by extensions ['python_setup_py']
[0.191s] Level 1:colcon.colcon_core.package_identification:_identify(src) by extension 'python_setup_py'
[0.191s] Level 1:colcon.colcon_core.package_identification:_identify(src/rn1) by extensions ['ignore', 'ignore_ament_install']
[0.191s] Level 1:colcon.colcon_core.package_identification:_identify(src/rn1) by extension 'ignore'
[0.191s] Level 1:colcon.colcon_core.package_identification:_identify(src/rn1) by extension 'ignore_ament_install'
[0.191s] Level 1:colcon.colcon_core.package_identification:_identify(src/rn1) by extensions ['colcon_pkg']
[0.191s] Level 1:colcon.colcon_core.package_identification:_identify(src/rn1) by extension 'colcon_pkg'
[0.191s] Level 1:colcon.colcon_core.package_identification:_identify(src/rn1) by extensions ['colcon_meta']
[0.191s] Level 1:colcon.colcon_core.package_identification:_identify(src/rn1) by extension 'colcon_meta'
[0.191s] Level 1:colcon.colcon_core.package_identification:_identify(src/rn1) by extensions ['ros']
[0.191s] Level 1:colcon.colcon_core.package_identification:_identify(src/rn1) by extension 'ros'
[0.193s] DEBUG:colcon.colcon_core.package_identification:Package 'src/rn1' with type 'ros.ament_python' and name 'rn1'
[0.193s] Level 1:colcon.colcon_core.package_discovery:discover_packages(recursive) using defaults
[0.193s] Level 1:colcon.colcon_core.package_discovery:discover_packages(ignore) discover
[0.193s] Level 1:colcon.colcon_core.package_discovery:discover_packages(ignore) using defaults
[0.193s] Level 1:colcon.colcon_core.package_discovery:discover_packages(path) discover
[0.193s] Level 1:colcon.colcon_core.package_discovery:discover_packages(path) using defaults
[0.216s] Level 5:colcon.colcon_core.verb:set package 'rn1' build argument 'cmake_args' from command line to 'None'
[0.216s] Level 5:colcon.colcon_core.verb:set package 'rn1' build argument 'cmake_target' from command line to 'None'
[0.216s] Level 5:colcon.colcon_core.verb:set package 'rn1' build argument 'cmake_target_skip_unavailable' from command line to 'False'
[0.216s] Level 5:colcon.colcon_core.verb:set package 'rn1' build argument 'cmake_clean_cache' from command line to 'False'
[0.216s] Level 5:colcon.colcon_core.verb:set package 'rn1' build argument 'cmake_clean_first' from command line to 'False'
[0.216s] Level 5:colcon.colcon_core.verb:set package 'rn1' build argument 'cmake_force_configure' from command line to 'False'
[0.216s] Level 5:colcon.colcon_core.verb:set package 'rn1' build argument 'ament_cmake_args' from command line to 'None'
[0.216s] Level 5:colcon.colcon_core.verb:set package 'rn1' build argument 'catkin_cmake_args' from command line to 'None'
[0.216s] Level 5:colcon.colcon_core.verb:set package 'rn1' build argument 'catkin_skip_building_tests' from command line to 'False'
[0.216s] DEBUG:colcon.colcon_core.verb:Building package 'rn1' with the following arguments: {'ament_cmake_args': None, 'build_base': '/home/deepak/Documents/ros2_ws/build/rn1', 'catkin_cmake_args': None, 'catkin_skip_building_tests': False, 'cmake_args': None, 'cmake_clean_cache': False, 'cmake_clean_first': False, 'cmake_force_configure': False, 'cmake_target': None, 'cmake_target_skip_unavailable': False, 'install_base': '/home/deepak/Documents/ros2_ws/install/rn1', 'merge_install': False, 'path': '/home/deepak/Documents/ros2_ws/src/rn1', 'symlink_install': False, 'test_result_base': None}
[0.216s] INFO:colcon.colcon_core.executor:Executing jobs using 'parallel' executor
[0.217s] DEBUG:colcon.colcon_parallel_executor.executor.parallel:run_until_complete
[0.218s] INFO:colcon.colcon_ros.task.ament_python.build:Building ROS package in '/home/deepak/Documents/ros2_ws/src/rn1' with build type 'ament_python'
[0.218s] Level 1:colcon.colcon_core.shell:create_environment_hook('rn1', 'ament_prefix_path')
[0.220s] INFO:colcon.colcon_core.plugin_system:Skipping extension 'colcon_core.shell.bat': Not used on non-Windows systems
[0.220s] INFO:colcon.colcon_core.shell:Creating environment descriptor '/home/deepak/Documents/ros2_ws/install/rn1/share/rn1/hook/ament_prefix_path.dsv'
[0.221s] INFO:colcon.colcon_core.shell:Creating environment hook '/home/deepak/Documents/ros2_ws/install/rn1/share/rn1/hook/ament_prefix_path.sh'
[0.222s] DEBUG:colcon.colcon_core.shell:Skip shell extension 'dsv' for command environment
[0.453s] INFO:colcon.colcon_core.task.python.build:Building Python package in '/home/deepak/Documents/ros2_ws/src/rn1'
[0.454s] DEBUG:colcon.colcon_core.shell:Skip shell extension 'dsv' for command environment
[1.077s] DEBUG:colcon.colcon_core.event_handler.log_command:Invoking command in '/home/deepak/Documents/ros2_ws/src/rn1': DEBUGINFOD_URLS=https://debuginfod.ubuntu.com PS1=(rest) \[\e]0;\u@\h: \w\a\]${debian_chroot:+($debian_chroot)}\[\033[01;32m\]\u@\h\[\033[00m\]:\[\033[01;34m\]\w\[\033[00m\]\$ PYTHONPATH=/home/deepak/Documents/ros2_ws/build/rn1/prefix_override:/usr/lib/python3/dist-packages/colcon_core/task/python/colcon_distutils_commands:/home/deepak/Documents/ros2_ws/install/rn1/lib/python3.12/site-packages:${PYTHONPATH} VIRTUAL_ENV_PROMPT=(rest) /usr/bin/python3 -W ignore:setup.py install is deprecated setup.py egg_info --egg-base ../../build/rn1 build --build-base /home/deepak/Documents/ros2_ws/build/rn1/build install --record /home/deepak/Documents/ros2_ws/build/rn1/install.log --single-version-externally-managed install_data
[1.488s] DEBUG:colcon.colcon_core.event_handler.log_command:Invoked command in '/home/deepak/Documents/ros2_ws/src/rn1' returned '0': DEBUGINFOD_URLS=https://debuginfod.ubuntu.com PS1=(rest) \[\e]0;\u@\h: \w\a\]${debian_chroot:+($debian_chroot)}\[\033[01;32m\]\u@\h\[\033[00m\]:\[\033[01;34m\]\w\[\033[00m\]\$ PYTHONPATH=/home/deepak/Documents/ros2_ws/build/rn1/prefix_override:/usr/lib/python3/dist-packages/colcon_core/task/python/colcon_distutils_commands:/home/deepak/Documents/ros2_ws/install/rn1/lib/python3.12/site-packages:${PYTHONPATH} VIRTUAL_ENV_PROMPT=(rest) /usr/bin/python3 -W ignore:setup.py install is deprecated setup.py egg_info --egg-base ../../build/rn1 build --build-base /home/deepak/Documents/ros2_ws/build/rn1/build install --record /home/deepak/Documents/ros2_ws/build/rn1/install.log --single-version-externally-managed install_data
[1.492s] Level 1:colcon.colcon_core.environment:checking '/home/deepak/Documents/ros2_ws/install/rn1' for CMake module files
[1.493s] Level 1:colcon.colcon_core.environment:checking '/home/deepak/Documents/ros2_ws/install/rn1' for CMake config files
[1.494s] Level 1:colcon.colcon_core.environment:checking '/home/deepak/Documents/ros2_ws/install/rn1/lib'
[1.494s] Level 1:colcon.colcon_core.environment:checking '/home/deepak/Documents/ros2_ws/install/rn1/bin'
[1.495s] Level 1:colcon.colcon_core.environment:checking '/home/deepak/Documents/ros2_ws/install/rn1/lib/pkgconfig/rn1.pc'
[1.495s] Level 1:colcon.colcon_core.environment:checking '/home/deepak/Documents/ros2_ws/install/rn1/lib/python3.12/site-packages'
[1.495s] Level 1:colcon.colcon_core.shell:create_environment_hook('rn1', 'pythonpath')
[1.496s] INFO:colcon.colcon_core.shell:Creating environment descriptor '/home/deepak/Documents/ros2_ws/install/rn1/share/rn1/hook/pythonpath.dsv'
[1.496s] INFO:colcon.colcon_core.shell:Creating environment hook '/home/deepak/Documents/ros2_ws/install/rn1/share/rn1/hook/pythonpath.sh'
[1.498s] Level 1:colcon.colcon_core.environment:checking '/home/deepak/Documents/ros2_ws/install/rn1/bin'
[1.498s] Level 1:colcon.colcon_core.environment:create_environment_scripts_only(rn1)
[1.498s] INFO:colcon.colcon_core.shell:Creating package descriptor '/home/deepak/Documents/ros2_ws/install/rn1/share/rn1/package.dsv'
[1.499s] INFO:colcon.colcon_core.shell:Creating package script '/home/deepak/Documents/ros2_ws/install/rn1/share/rn1/package.sh'
[1.501s] INFO:colcon.colcon_core.shell:Creating package script '/home/deepak/Documents/ros2_ws/install/rn1/share/rn1/package.bash'
[1.502s] INFO:colcon.colcon_core.shell:Creating package script '/home/deepak/Documents/ros2_ws/install/rn1/share/rn1/package.zsh'
[1.502s] Level 1:colcon.colcon_core.environment:create_file_with_runtime_dependencies(/home/deepak/Documents/ros2_ws/install/rn1/share/colcon-core/packages/rn1)
[1.503s] DEBUG:colcon.colcon_parallel_executor.executor.parallel:closing loop
[1.505s] DEBUG:colcon.colcon_parallel_executor.executor.parallel:loop closed
[1.505s] DEBUG:colcon.colcon_parallel_executor.executor.parallel:run_until_complete finished with '0'
[1.505s] DEBUG:colcon.colcon_core.event_reactor:joining thread
[1.514s] INFO:colcon.colcon_core.plugin_system:Skipping extension 'colcon_notification.desktop_notification.terminal_notifier': Not used on non-Darwin systems
[1.514s] INFO:colcon.colcon_core.plugin_system:Skipping extension 'colcon_notification.desktop_notification.win32': Not used on non-Windows systems
[1.514s] INFO:colcon.colcon_notification.desktop_notification:Sending desktop notification using 'notify2'
[1.554s] DEBUG:colcon.colcon_core.event_reactor:joined thread
[1.554s] INFO:colcon.colcon_core.shell:Creating prefix script '/home/deepak/Documents/ros2_ws/install/local_setup.sh'
[1.555s] INFO:colcon.colcon_core.shell:Creating prefix util module '/home/deepak/Documents/ros2_ws/install/_local_setup_util_sh.py'
[1.557s] INFO:colcon.colcon_core.shell:Creating prefix chain script '/home/deepak/Documents/ros2_ws/install/setup.sh'
[1.559s] INFO:colcon.colcon_core.shell:Creating prefix script '/home/deepak/Documents/ros2_ws/install/local_setup.bash'
[1.560s] INFO:colcon.colcon_core.shell:Creating prefix chain script '/home/deepak/Documents/ros2_ws/install/setup.bash'
[1.561s] INFO:colcon.colcon_core.shell:Creating prefix script '/home/deepak/Documents/ros2_ws/install/local_setup.zsh'
[1.561s] INFO:colcon.colcon_core.shell:Creating prefix chain script '/home/deepak/Documents/ros2_ws/install/setup.zsh'
